\BOOKMARK [0][-]{Doc-Start}{Abstract}{}% 1
\BOOKMARK [0][-]{chapter*.2}{List\040of\040Figures}{}% 2
\BOOKMARK [0][-]{chapter*.3}{List\040of\040Tables}{}% 3
\BOOKMARK [0][-]{chapter*.3}{Dedication}{}% 4
\BOOKMARK [0][-]{chapter*.4}{Acknowledgments}{}% 5
\BOOKMARK [0][-]{chapter.0}{Introduction}{}% 6
\BOOKMARK [0][-]{chapter.1}{A\040Brief\040History\040of\040Neutrinos}{}% 7
\BOOKMARK [1][-]{section.1.1}{Possible\040Evidence\040of\040Sterile\040Neutrinos}{chapter.1}% 8
\BOOKMARK [0][-]{chapter.2}{Theory\040of\040Neutrino\040Oscillations}{}% 9
\BOOKMARK [1][-]{section.2.1}{Standard\0403-Flavor\040Oscillations}{chapter.2}% 10
\BOOKMARK [1][-]{section.2.2}{Matter\040Effects}{chapter.2}% 11
\BOOKMARK [1][-]{section.2.3}{Sterile\040Neutrinos}{chapter.2}% 12
\BOOKMARK [0][-]{chapter.3}{The NO"νA Experiment}{}% 13
\BOOKMARK [1][-]{section.3.1}{Introduction}{chapter.3}% 14
\BOOKMARK [0][-]{chapter.4}{Experiment\040Simulation}{}% 15
\BOOKMARK [0][-]{chapter.5}{Event\040Reconstruction}{}% 16
\BOOKMARK [1][-]{section.5.1}{Reconstruction\040Chain}{chapter.5}% 17
\BOOKMARK [1][-]{section.5.2}{Calibration}{chapter.5}% 18
\BOOKMARK [0][-]{chapter.6}{Neutral\040Current\040Event\040Selection}{}% 19
\BOOKMARK [0][-]{chapter.7}{Neutral\040Current\040Disappearance\040Analysis}{}% 20
\BOOKMARK [0][-]{chapter.8}{Analysis\040Results\040and\040Systematic\040Errors}{}% 21
\BOOKMARK [0][-]{chapter.9}{Conclusions\040and\040Moving\040Forward}{}% 22
\BOOKMARK [0][-]{chapter*.5}{References}{}% 23
